C:\USERS\LAI LING YI\DOCUMENTS\CS2103\TEXTBUDDY++\TEXTBUDDY++\DEBUG\TB++.OBJ
C:\USERS\LAI LING YI\DOCUMENTS\CS2103\TEXTBUDDY++\TEXTBUDDY++\DEBUG\VC110.PDB
C:\USERS\LAI LING YI\DOCUMENTS\CS2103\TEXTBUDDY++\DEBUG\TEXTBUDDY++.LIB
C:\USERS\LAI LING YI\DOCUMENTS\CS2103\TEXTBUDDY++\DEBUG\TEXTBUDDY++.ILK
C:\USERS\LAI LING YI\DOCUMENTS\CS2103\TEXTBUDDY++\DEBUG\TEXTBUDDY++.EXE
C:\USERS\LAI LING YI\DOCUMENTS\CS2103\TEXTBUDDY++\DEBUG\TEXTBUDDY++.PDB
C:\Users\Lai ling Yi\Documents\CS2103\TextBuddy++\TextBuddy++\Debug\TB++.obj
C:\Users\Lai ling Yi\Documents\CS2103\TextBuddy++\TextBuddy++\Debug\cl.command.1.tlog
C:\Users\Lai ling Yi\Documents\CS2103\TextBuddy++\TextBuddy++\Debug\CL.read.1.tlog
C:\Users\Lai ling Yi\Documents\CS2103\TextBuddy++\TextBuddy++\Debug\CL.write.1.tlog
C:\Users\Lai ling Yi\Documents\CS2103\TextBuddy++\TextBuddy++\Debug\Lib-link.read.1.tlog
C:\Users\Lai ling Yi\Documents\CS2103\TextBuddy++\TextBuddy++\Debug\Lib-link.write.1.tlog
C:\Users\Lai ling Yi\Documents\CS2103\TextBuddy++\TextBuddy++\Debug\lib.command.1.tlog
C:\Users\Lai ling Yi\Documents\CS2103\TextBuddy++\TextBuddy++\Debug\link-cvtres.read.1.tlog
C:\Users\Lai ling Yi\Documents\CS2103\TextBuddy++\TextBuddy++\Debug\link-cvtres.write.1.tlog
C:\Users\Lai ling Yi\Documents\CS2103\TextBuddy++\TextBuddy++\Debug\link-rc.read.1.tlog
C:\Users\Lai ling Yi\Documents\CS2103\TextBuddy++\TextBuddy++\Debug\link-rc.write.1.tlog
C:\Users\Lai ling Yi\Documents\CS2103\TextBuddy++\TextBuddy++\Debug\link.1720-cvtres.read.1.tlog
C:\Users\Lai ling Yi\Documents\CS2103\TextBuddy++\TextBuddy++\Debug\link.1720-cvtres.write.1.tlog
C:\Users\Lai ling Yi\Documents\CS2103\TextBuddy++\TextBuddy++\Debug\link.1720-rc.read.1.tlog
C:\Users\Lai ling Yi\Documents\CS2103\TextBuddy++\TextBuddy++\Debug\link.1720-rc.write.1.tlog
C:\Users\Lai ling Yi\Documents\CS2103\TextBuddy++\TextBuddy++\Debug\link.1720.read.1.tlog
C:\Users\Lai ling Yi\Documents\CS2103\TextBuddy++\TextBuddy++\Debug\link.1720.write.1.tlog
C:\Users\Lai ling Yi\Documents\CS2103\TextBuddy++\TextBuddy++\Debug\link.5496-cvtres.read.1.tlog
C:\Users\Lai ling Yi\Documents\CS2103\TextBuddy++\TextBuddy++\Debug\link.5496-cvtres.write.1.tlog
C:\Users\Lai ling Yi\Documents\CS2103\TextBuddy++\TextBuddy++\Debug\link.5496-rc.read.1.tlog
C:\Users\Lai ling Yi\Documents\CS2103\TextBuddy++\TextBuddy++\Debug\link.5496-rc.write.1.tlog
C:\Users\Lai ling Yi\Documents\CS2103\TextBuddy++\TextBuddy++\Debug\link.5496.read.1.tlog
C:\Users\Lai ling Yi\Documents\CS2103\TextBuddy++\TextBuddy++\Debug\link.5496.write.1.tlog
C:\Users\Lai ling Yi\Documents\CS2103\TextBuddy++\TextBuddy++\Debug\link.command.1.tlog
C:\Users\Lai ling Yi\Documents\CS2103\TextBuddy++\TextBuddy++\Debug\link.read.1.tlog
C:\Users\Lai ling Yi\Documents\CS2103\TextBuddy++\TextBuddy++\Debug\link.write.1.tlog
C:\Users\Lai ling Yi\Documents\CS2103\TextBuddy++\TextBuddy++\Debug\TextBuddy++.write.1.tlog
C:\Users\Lai ling Yi\Documents\CS2103\TextBuddy++\TextBuddy++\Debug\vc110.idb
C:\Users\Lai ling Yi\Documents\CS2103\TextBuddy++\TextBuddy++\Debug\vc110.pdb
C:\Users\Lai ling Yi\Documents\CS2103\TextBuddy++\Debug\TextBuddy++.pdb
C:\Users\Lai ling Yi\Documents\CS2103\TextBuddy++\Debug\TextBuddy++.lib
C:\Users\Lai ling Yi\Documents\CS2103\TextBuddy++\Debug\TextBuddy++.ilk
